  43Project.cpp
  CAnimator.cpp
  CCameraMgr.cpp
  CCollider.cpp
  CCollisionMgr.cpp
  CComponent.cpp
  CEngine.cpp
  CEntity.cpp
  CEventMgr.cpp
  CKeyMgr.cpp
  CLevel.cpp
  CLevelMgr.cpp
  CMissile.cpp
  CMonster.cpp
  CObject.cpp
  CPathMgr.cpp
  CPlayer.cpp
  CResource.cpp
  CResourceMgr.cpp
  CSound.cpp
  컴파일하고 있습니다...
  CStage01Level.cpp
  CStartLevel.cpp
  CTexture.cpp
  CTimeMgr.cpp
  func.cpp
  pch.cpp
  코드를 생성하고 있습니다.
  623 of 629 functions (99.0%) were compiled, the rest were copied from previous compilation.
    148 functions were new in current compilation
    1 functions had inline decision re-evaluated but remain unchanged
  코드를 생성했습니다.
  43Project.vcxproj -> C:\Users\shinjoongeun\Documents\GitHub\43Project\OutputFile\bin\43Project.exe
