  43Project.cpp
  CAnimation.cpp
  CAnimator.cpp
  CCameraMgr.cpp
  CCollider.cpp
  CCollisionMgr.cpp
  CComponent.cpp
  CEditorLevel.cpp
  CEngine.cpp
  CEntity.cpp
  CEventMgr.cpp
  CGroundPlatform.cpp
  CKeyMgr.cpp
  CLevel.cpp
  CLevelMgr.cpp
  CMissile.cpp
  CMonster.cpp
  CObject.cpp
  CPathMgr.cpp
  CPlayer.cpp
  CResource.cpp
  CResourceMgr.cpp
  CRigidBody.cpp
  CSound.cpp
  CStage01Level.cpp
  CStartLevel.cpp
  CTexture.cpp
  CTimeMgr.cpp
  CForce.cpp
  func.cpp
  43Project.vcxproj -> D:\git\43Project\OutputFile\bin_d\43Project.exe
