d:\git\43project\43project\x64\debug\43project.pch
d:\git\43project\43project\x64\debug\vc143.pdb
d:\git\43project\43project\x64\debug\vc143.idb
d:\git\43project\43project\x64\debug\43project.obj
d:\git\43project\43project\x64\debug\canimation.obj
d:\git\43project\43project\x64\debug\canimator.obj
d:\git\43project\43project\x64\debug\ccameramgr.obj
d:\git\43project\43project\x64\debug\ccollider.obj
d:\git\43project\43project\x64\debug\ccollisionmgr.obj
d:\git\43project\43project\x64\debug\ccomponent.obj
d:\git\43project\43project\x64\debug\cengine.obj
d:\git\43project\43project\x64\debug\centity.obj
d:\git\43project\43project\x64\debug\ceventmgr.obj
d:\git\43project\43project\x64\debug\ckeymgr.obj
d:\git\43project\43project\x64\debug\clevel.obj
d:\git\43project\43project\x64\debug\clevelmgr.obj
d:\git\43project\43project\x64\debug\cmissile.obj
d:\git\43project\43project\x64\debug\cmonster.obj
d:\git\43project\43project\x64\debug\cobject.obj
d:\git\43project\43project\x64\debug\cpathmgr.obj
d:\git\43project\43project\x64\debug\cplayer.obj
d:\git\43project\43project\x64\debug\cresource.obj
d:\git\43project\43project\x64\debug\cresourcemgr.obj
d:\git\43project\43project\x64\debug\crigidbody.obj
d:\git\43project\43project\x64\debug\csound.obj
d:\git\43project\43project\x64\debug\cstage01level.obj
d:\git\43project\43project\x64\debug\cstartlevel.obj
d:\git\43project\43project\x64\debug\ctexture.obj
d:\git\43project\43project\x64\debug\ctimemgr.obj
d:\git\43project\43project\x64\debug\cforce.obj
d:\git\43project\43project\x64\debug\func.obj
d:\git\43project\43project\x64\debug\pch.obj
d:\git\43project\outputfile\bin_d\43project.exe
d:\git\43project\43project\x64\debug\43project.ilk
d:\git\43project\outputfile\bin_d\43project.pdb
d:\git\43project\43project\x64\debug\43project.res
d:\git\43project\43project\x64\debug\43project.tlog\cl.command.1.tlog
d:\git\43project\43project\x64\debug\43project.tlog\cl.read.1.tlog
d:\git\43project\43project\x64\debug\43project.tlog\cl.write.1.tlog
d:\git\43project\43project\x64\debug\43project.tlog\link.command.1.tlog
d:\git\43project\43project\x64\debug\43project.tlog\link.read.1.tlog
d:\git\43project\43project\x64\debug\43project.tlog\link.write.1.tlog
d:\git\43project\43project\x64\debug\43project.tlog\rc.command.1.tlog
d:\git\43project\43project\x64\debug\43project.tlog\rc.read.1.tlog
d:\git\43project\43project\x64\debug\43project.tlog\rc.write.1.tlog
